app/build/intermediates/proguard-rules/base/release/aapt_rules.txt
# Referenced at res\layout\abc_alert_dialog_material.xml:0
-keep class android.support.v4.widget.NestedScrollView { <init>(...); }

# Referenced at res\layout\abc_alert_dialog_button_bar_material.xml:0
# Referenced at res\layout\abc_alert_dialog_material.xml:0
# Referenced at res\layout\abc_alert_dialog_title_material.xml:0
-keep class android.support.v4.widget.Space { <init>(...); }

# Referenced at res\layout\abc_select_dialog_material.xml:0
-keep class android.support.v7.app.AlertController$RecycleListView { <init>(...); }

# Referenced at res\layout\abc_action_menu_item_layout.xml:0
-keep class android.support.v7.view.menu.ActionMenuItemView { <init>(...); }

# Referenced at res\layout\abc_expanded_menu_layout.xml:0
-keep class android.support.v7.view.menu.ExpandedMenuView { <init>(...); }

# Referenced at res\layout\abc_list_menu_item_layout.xml:0
# Referenced at res\layout\abc_popup_menu_item_layout.xml:0
-keep class android.support.v7.view.menu.ListMenuItemView { <init>(...); }

# Referenced at res\layout\abc_screen_toolbar.xml:0
-keep class android.support.v7.widget.ActionBarContainer { <init>(...); }

# Referenced at res\layout\abc_action_mode_bar.xml:0
# Referenced at res\layout\abc_screen_toolbar.xml:0
-keep class android.support.v7.widget.ActionBarContextView { <init>(...); }

# Referenced at res\layout\abc_screen_toolbar.xml:0
-keep class android.support.v7.widget.ActionBarOverlayLayout { <init>(...); }

# Referenced at res\layout\abc_action_menu_layout.xml:0
-keep class android.support.v7.widget.ActionMenuView { <init>(...); }

# Referenced at res\layout\abc_activity_chooser_view.xml:0
-keep class android.support.v7.widget.ActivityChooserView$InnerLayout { <init>(...); }

# Referenced at res\layout\abc_alert_dialog_material.xml:0
-keep class android.support.v7.widget.AlertDialogLayout { <init>(...); }

# Referenced at res\layout\abc_alert_dialog_button_bar_material.xml:0
-keep class android.support.v7.widget.ButtonBarLayout { <init>(...); }

# Referenced at res\layout\abc_screen_content_include.xml:0
-keep class android.support.v7.widget.ContentFrameLayout { <init>(...); }

# Referenced at res\layout\abc_alert_dialog_title_material.xml:0
-keep class android.support.v7.widget.DialogTitle { <init>(...); }

# Referenced at res\layout\abc_screen_simple_overlay_action_mode.xml:0
-keep class android.support.v7.widget.FitWindowsFrameLayout { <init>(...); }

# Referenced at res\layout\abc_dialog_title_material.xml:0
# Referenced at res\layout\abc_screen_simple.xml:0
-keep class android.support.v7.widget.FitWindowsLinearLayout { <init>(...); }

# Referenced at res\layout\abc_search_view.xml:0
-keep class android.support.v7.widget.SearchView$SearchAutoComplete { <init>(...); }

# Referenced at res\layout\abc_screen_toolbar.xml:0
# Referenced at res\layout-land\activity_main.xml:0
# Referenced at res\layout-sw500dp-land\activity_main.xml:0
# Referenced at res\layout-sw500dp\activity_main.xml:0
# Referenced at res\layout\activity_main.xml:0
# Referenced at res\layout\activity_manual.xml:0
-keep class android.support.v7.widget.Toolbar { <init>(...); }

# Referenced at res\layout\abc_screen_simple.xml:0
# Referenced at res\layout\abc_screen_simple_overlay_action_mode.xml:0
-keep class android.support.v7.widget.ViewStubCompat { <init>(...); }

# Referenced at base\release\AndroidManifest.xml:45
-keep class com.colormindapps.rest_reminder_alarm.CounterService { <init>(...); }

# Referenced at res\xml\preferences.xml:0
-keep class com.colormindapps.rest_reminder_alarm.CustomTimePreference { <init>(...); }

# Referenced at base\release\AndroidManifest.xml:20
-keep class com.colormindapps.rest_reminder_alarm.MainActivity { <init>(...); }

# Referenced at base\release\AndroidManifest.xml:56
-keep class com.colormindapps.rest_reminder_alarm.ManualActivity { <init>(...); }

# Referenced at base\release\AndroidManifest.xml:41
-keep class com.colormindapps.rest_reminder_alarm.MobileOnAlarmReceiver { <init>(...); }

# Referenced at base\release\AndroidManifest.xml:44
-keep class com.colormindapps.rest_reminder_alarm.MobilePeriodService { <init>(...); }

# Referenced at base\release\AndroidManifest.xml:50
-keep class com.colormindapps.rest_reminder_alarm.NotificationActivity { <init>(...); }

# Referenced at res\xml\preferences.xml:0
-keep class com.colormindapps.rest_reminder_alarm.NumberPreference { <init>(...); }

# Referenced at base\release\AndroidManifest.xml:43
-keep class com.colormindapps.rest_reminder_alarm.PlaySoundService { <init>(...); }

# Referenced at base\release\AndroidManifest.xml:31
-keep class com.colormindapps.rest_reminder_alarm.PreferenceActivity { <init>(...); }

# Referenced at base\release\AndroidManifest.xml:83
-keep class com.google.android.gms.common.api.GoogleApiActivity { <init>(...); }

# Referenced at res\layout\activity_manual.xml:0
-keepclassmembers class * { *** backToTop(...); }

# Referenced at res\layout-land\activity_main.xml:0
# Referenced at res\layout-sw500dp-land\activity_main.xml:0
# Referenced at res\layout-sw500dp\activity_main.xml:0
# Referenced at res\layout\activity_main.xml:0
# Referenced at res\layout\activity_main_land.xml:0
-keepclassmembers class * { *** callStartScheduler(...); }

# Referenced at res\layout-land\activity_notification.xml:0
# Referenced at res\layout\activity_notification.xml:0
-keepclassmembers class * { *** notificationButtonAction(...); }

# Referenced at res\layout-land\activity_notification.xml:0
# Referenced at res\layout\activity_notification.xml:0
-keepclassmembers class * { *** notificationTurnOff(...); }

# Referenced at res\layout-land\activity_main.xml:0
# Referenced at res\layout-sw500dp-land\activity_main.xml:0
# Referenced at res\layout-sw500dp\activity_main.xml:0
# Referenced at res\layout\activity_main.xml:0
# Referenced at res\layout\activity_main_land.xml:0
-keepclassmembers class * { *** showExtendDialog(...); }

# Referenced at res\layout-land\activity_main.xml:0
# Referenced at res\layout-sw500dp-land\activity_main.xml:0
# Referenced at res\layout-sw500dp\activity_main.xml:0
# Referenced at res\layout\activity_main.xml:0
# Referenced at res\layout\activity_main_land.xml:0
-keepclassmembers class * { *** showHintDialog(...); }