app/build/outputs/mapping/base/release/seeds.txt
com.colormindapps.rest_reminder_alarm.CounterService
com.colormindapps.rest_reminder_alarm.CounterService: CounterService()
com.colormindapps.rest_reminder_alarm.CustomTimePreference
com.colormindapps.rest_reminder_alarm.CustomTimePreference: CustomTimePreference(android.content.Context,android.util.AttributeSet)
com.colormindapps.rest_reminder_alarm.CustomTimePreference$SavedState
com.colormindapps.rest_reminder_alarm.CustomTimePreference$SavedState: android.os.Parcelable$Creator CREATOR
com.colormindapps.rest_reminder_alarm.MainActivity
com.colormindapps.rest_reminder_alarm.MainActivity: MainActivity()
com.colormindapps.rest_reminder_alarm.MainActivity: void showExtendDialog(android.view.View)
com.colormindapps.rest_reminder_alarm.MainActivity: void showHintDialog(android.view.View)
com.colormindapps.rest_reminder_alarm.MainActivity: void callStartReminder(android.view.View)
com.colormindapps.rest_reminder_alarm.ManualActivity
com.colormindapps.rest_reminder_alarm.ManualActivity: ManualActivity()
com.colormindapps.rest_reminder_alarm.ManualActivity: void backToTop(android.view.View)
com.colormindapps.rest_reminder_alarm.MobileOnAlarmReceiver
com.colormindapps.rest_reminder_alarm.MobileOnAlarmReceiver: MobileOnAlarmReceiver()
com.colormindapps.rest_reminder_alarm.MobilePeriodService
com.colormindapps.rest_reminder_alarm.MobilePeriodService: MobilePeriodService()
com.colormindapps.rest_reminder_alarm.NotificationActivity
com.colormindapps.rest_reminder_alarm.NotificationActivity: NotificationActivity()
com.colormindapps.rest_reminder_alarm.NotificationActivity: void notificationButtonAction(android.view.View)
com.colormindapps.rest_reminder_alarm.NotificationActivity: void notificationTurnOff(android.view.View)
com.colormindapps.rest_reminder_alarm.NotificationActivity: void showExtendDialog()
com.colormindapps.rest_reminder_alarm.NumberPreference
com.colormindapps.rest_reminder_alarm.NumberPreference: NumberPreference(android.content.Context,android.util.AttributeSet)
com.colormindapps.rest_reminder_alarm.NumberPreference$NumberSavedState
com.colormindapps.rest_reminder_alarm.NumberPreference$NumberSavedState: android.os.Parcelable$Creator CREATOR
com.colormindapps.rest_reminder_alarm.PlaySoundService
com.colormindapps.rest_reminder_alarm.PlaySoundService: PlaySoundService()
com.colormindapps.rest_reminder_alarm.PreferenceActivity
com.colormindapps.rest_reminder_alarm.PreferenceActivity: PreferenceActivity()
com.colormindapps.rest_reminder_alarm.R$anim: int abc_fade_in
com.colormindapps.rest_reminder_alarm.R$anim: int abc_fade_out
com.colormindapps.rest_reminder_alarm.R$anim: int abc_grow_fade_in_from_bottom
com.colormindapps.rest_reminder_alarm.R$anim: int abc_popup_enter
com.colormindapps.rest_reminder_alarm.R$anim: int abc_popup_exit
com.colormindapps.rest_reminder_alarm.R$anim: int abc_shrink_fade_out_from_bottom
com.colormindapps.rest_reminder_alarm.R$anim: int abc_slide_in_bottom
com.colormindapps.rest_reminder_alarm.R$anim: int abc_slide_in_top
com.colormindapps.rest_reminder_alarm.R$anim: int abc_slide_out_bottom
com.colormindapps.rest_reminder_alarm.R$anim: int abc_slide_out_top
com.colormindapps.rest_reminder_alarm.R$array: int titleAnimationColors
com.colormindapps.rest_reminder_alarm.R$array: int titlePowerUpDownColors
com.colormindapps.rest_reminder_alarm.R$array: int workdaySchedulerMode
com.colormindapps.rest_reminder_alarm.R$array: int workdaySchedulerModeValues
...
com.google.android.gms.common.annotation.KeepName
com.google.android.gms.common.api.GoogleApiActivity
com.google.android.gms.common.api.GoogleApiActivity: GoogleApiActivity()
com.google.android.gms.common.api.Scope
com.google.android.gms.common.api.Scope: android.os.Parcelable$Creator CREATOR
com.google.android.gms.common.api.Status
com.google.android.gms.common.api.Status: android.os.Parcelable$Creator CREATOR
com.google.android.gms.common.data.BitmapTeleporter
com.google.android.gms.common.data.BitmapTeleporter: android.os.Parcelable$Creator CREATOR
com.google.android.gms.common.data.DataHolder
com.google.android.gms.common.data.DataHolder: android.os.Parcelable$Creator CREATOR
com.google.android.gms.common.images.ImageManager$ImageReceiver
com.google.android.gms.common.images.WebImage
com.google.android.gms.common.images.WebImage: android.os.Parcelable$Creator CREATOR
com.google.android.gms.common.internal.AuthAccountRequest
com.google.android.gms.common.internal.AuthAccountRequest: android.os.Parcelable$Creator CREATOR
com.google.android.gms.common.internal.BinderWrapper
com.google.android.gms.common.internal.BinderWrapper: android.os.Parcelable$Creator CREATOR
com.google.android.gms.common.internal.DowngradeableSafeParcel
com.google.android.gms.common.internal.GetServiceRequest
com.google.android.gms.common.internal.GetServiceRequest: android.os.Parcelable$Creator CREATOR
com.google.android.gms.common.internal.ResolveAccountRequest
com.google.android.gms.common.internal.ResolveAccountRequest: android.os.Parcelable$Creator CREATOR
com.google.android.gms.common.internal.ResolveAccountResponse
com.google.android.gms.common.internal.ResolveAccountResponse: android.os.Parcelable$Creator CREATOR
com.google.android.gms.common.internal.SignInButtonConfig
com.google.android.gms.common.internal.SignInButtonConfig: android.os.Parcelable$Creator CREATOR
com.google.android.gms.common.internal.ValidateAccountRequest
com.google.android.gms.common.internal.ValidateAccountRequest: android.os.Parcelable$Creator CREATOR
com.google.android.gms.common.internal.safeparcel.AbstractSafeParcelable
com.google.android.gms.common.internal.safeparcel.SafeParcelable
com.google.android.gms.common.internal.safeparcel.SafeParcelable: java.lang.String NULL
com.google.android.gms.common.server.FavaDiagnosticsEntity
com.google.android.gms.common.server.FavaDiagnosticsEntity: com.google.android.gms.common.server.zza CREATOR
com.google.android.gms.common.server.converter.ConverterWrapper
com.google.android.gms.common.server.converter.ConverterWrapper: com.google.android.gms.common.server.converter.zza CREATOR
com.google.android.gms.common.server.converter.StringToIntConverter
com.google.android.gms.common.server.converter.StringToIntConverter: com.google.android.gms.common.server.converter.zzb CREATOR
com.google.android.gms.common.server.converter.StringToIntConverter$Entry
com.google.android.gms.common.server.converter.StringToIntConverter$Entry: com.google.android.gms.common.server.converter.zzc CREATOR
com.google.android.gms.common.server.response.FastJsonResponse$Field
com.google.android.gms.common.server.response.FastJsonResponse$Field: com.google.android.gms.common.server.response.zza CREATOR
com.google.android.gms.common.server.response.FastSafeParcelableJsonResponse
com.google.android.gms.common.server.response.FieldMappingDictionary
com.google.android.gms.common.server.response.FieldMappingDictionary: com.google.android.gms.common.server.response.zzc CREATOR
com.google.android.gms.common.server.response.FieldMappingDictionary$Entry
com.google.android.gms.common.server.response.FieldMappingDictionary$Entry: com.google.android.gms.common.server.response.zzd CREATOR
com.google.android.gms.common.server.response.FieldMappingDictionary$FieldMapPair
com.google.android.gms.common.server.response.FieldMappingDictionary$FieldMapPair: com.google.android.gms.common.server.response.zzb CREATOR