app/build/outputs/mapping/base/release/mapping.txt
com.colormindapps.rest_reminder_alarm.CounterService -> com.colormindapps.rest_reminder_alarm.CounterService:
    java.util.Calendar startTime -> g
    long periodEndTime -> h
    long periodLength -> i
    int type -> j
    int extendCount -> k
    android.content.SharedPreferences preferences -> a
    android.content.SharedPreferences$Editor editor -> b
    boolean created -> c
    boolean started -> d
    int onStartCommandCount -> e
    int onCreateCount -> f
    android.os.IBinder mBinder -> l
    void <init>() -> <init>
    void onCreate() -> onCreate
    int onStartCommand(android.content.Intent,int,int) -> onStartCommand
    android.os.IBinder onBind(android.content.Intent) -> onBind
    long getCurrentMillis() -> a
    long getCounterTimeValue() -> b
    android.os.Bundle getData() -> c
    void onDestroy() -> onDestroy
com.colormindapps.rest_reminder_alarm.CounterService$CounterBinder -> com.colormindapps.rest_reminder_alarm.CounterService$a:
    com.colormindapps.rest_reminder_alarm.CounterService this$0 -> a
    void <init>(com.colormindapps.rest_reminder_alarm.CounterService) -> <init>
    com.colormindapps.rest_reminder_alarm.CounterService getService() -> a
com.colormindapps.rest_reminder_alarm.CustomTimePreference -> com.colormindapps.rest_reminder_alarm.CustomTimePreference:
    android.widget.NumberPicker firstPicker -> a
    android.widget.NumberPicker secondPicker -> b
    int lastHour -> c
    int lastMinute -> d
    int firstMaxValue -> e
    int restoreHour -> f
    int restoreMinute -> g
    java.lang.String headerText -> h
    boolean usedForApprox -> i
    int getHour(java.lang.String) -> a
    int getMinute(java.lang.String) -> b
    void <init>(android.content.Context,android.util.AttributeSet) -> <init>
    void init(android.util.AttributeSet) -> a
    android.view.View onCreateDialogView() -> onCreateDialogView
    void onBindDialogView(android.view.View) -> onBindDialogView
    void onDialogClosed(boolean) -> onDialogClosed
    java.lang.Object onGetDefaultValue(android.content.res.TypedArray,int) -> onGetDefaultValue
    void onSetInitialValue(boolean,java.lang.Object) -> onSetInitialValue
    android.os.Parcelable onSaveInstanceState() -> onSaveInstanceState
    void onRestoreInstanceState(android.os.Parcelable) -> onRestoreInstanceState
com.colormindapps.rest_reminder_alarm.CustomTimePreference$SavedState -> com.colormindapps.rest_reminder_alarm.CustomTimePreference$SavedState:
    java.lang.String value -> a
    android.os.Parcelable$Creator CREATOR -> CREATOR
    void <init>(android.os.Parcelable) -> <init>
    void <init>(android.os.Parcel) -> <init>
    void writeToParcel(android.os.Parcel,int) -> writeToParcel
    void <clinit>() -> <clinit>
com.colormindapps.rest_reminder_alarm.CustomTimePreference$SavedState$1 -> com.colormindapps.rest_reminder_alarm.CustomTimePreference$SavedState$1:
    void <init>() -> <init>
    com.colormindapps.rest_reminder_alarm.CustomTimePreference$SavedState createFromParcel(android.os.Parcel) -> a
    com.colormindapps.rest_reminder_alarm.CustomTimePreference$SavedState[] newArray(int) -> a
    java.lang.Object[] newArray(int) -> newArray
    java.lang.Object createFromParcel(android.os.Parcel) -> createFromParcel
...
android.support.v4.view.AbsSavedState$1 -> android.support.v4.view.AbsSavedState$1:
    void <init>() -> <init>
android.support.v4.view.AbsSavedState$2 -> android.support.v4.view.AbsSavedState$2:
    void <init>() -> <init>
    android.support.v4.view.AbsSavedState createFromParcel(android.os.Parcel,java.lang.ClassLoader) -> b
    android.support.v4.view.AbsSavedState[] newArray(int) -> b
    java.lang.Object[] newArray(int) -> a
    java.lang.Object createFromParcel(android.os.Parcel,java.lang.ClassLoader) -> a
android.support.v4.view.AccessibilityDelegateCompat -> android.support.v4.view.a:
    android.support.v4.view.AccessibilityDelegateCompat$AccessibilityDelegateImpl IMPL -> b
    java.lang.Object DEFAULT_DELEGATE -> c
    java.lang.Object mBridge -> a
    void <init>() -> <init>
    java.lang.Object getBridge() -> a
    void sendAccessibilityEvent(android.view.View,int) -> a
    void sendAccessibilityEventUnchecked(android.view.View,android.view.accessibility.AccessibilityEvent) -> a
    boolean dispatchPopulateAccessibilityEvent(android.view.View,android.view.accessibility.AccessibilityEvent) -> b
    void onPopulateAccessibilityEvent(android.view.View,android.view.accessibility.AccessibilityEvent) -> c
    void onInitializeAccessibilityEvent(android.view.View,android.view.accessibility.AccessibilityEvent) -> d
    void onInitializeAccessibilityNodeInfo(android.view.View,android.support.v4.view.accessibility.AccessibilityNodeInfoCompat) -> a
    boolean onRequestSendAccessibilityEvent(android.view.ViewGroup,android.view.View,android.view.accessibility.AccessibilityEvent) -> a
    android.support.v4.view.accessibility.AccessibilityNodeProviderCompat getAccessibilityNodeProvider(android.view.View) -> a
    boolean performAccessibilityAction(android.view.View,int,android.os.Bundle) -> a
    void <clinit>() -> <clinit>
android.support.v4.view.AccessibilityDelegateCompat$AccessibilityDelegateIcsImpl -> android.support.v4.view.a$a:
    void <init>() -> <init>
    java.lang.Object newAccessiblityDelegateDefaultImpl() -> a
    java.lang.Object newAccessiblityDelegateBridge(android.support.v4.view.AccessibilityDelegateCompat) -> a
    boolean dispatchPopulateAccessibilityEvent(java.lang.Object,android.view.View,android.view.accessibility.AccessibilityEvent) -> a
    void onInitializeAccessibilityEvent(java.lang.Object,android.view.View,android.view.accessibility.AccessibilityEvent) -> b
    void onInitializeAccessibilityNodeInfo(java.lang.Object,android.view.View,android.support.v4.view.accessibility.AccessibilityNodeInfoCompat) -> a
    void onPopulateAccessibilityEvent(java.lang.Object,android.view.View,android.view.accessibility.AccessibilityEvent) -> c
    boolean onRequestSendAccessibilityEvent(java.lang.Object,android.view.ViewGroup,android.view.View,android.view.accessibility.AccessibilityEvent) -> a
    void sendAccessibilityEvent(java.lang.Object,android.view.View,int) -> a
    void sendAccessibilityEventUnchecked(java.lang.Object,android.view.View,android.view.accessibility.AccessibilityEvent) -> d