app/build/outputs/mapping/base/release/usage.txt
com.colormindapps.rest_reminder_alarm.BuildConfig
com.colormindapps.rest_reminder_alarm.MainActivity:
    1178:1179:public void stopCountDownTimerForDialog()
com.colormindapps.rest_reminder_alarm.NotificationActivity:
    260:260:public void stopCountDownTimerForDialog()
    292:292:public void startReminder()
com.colormindapps.rest_reminder_alarm.OnDialogCloseListener:
    public abstract void stopCountDownTimerForDialog()
    public abstract void startReminder()
com.colormindapps.rest_reminder_alarm.PlaySoundService:
    private static final int KILLER
    private static final float IN_CALL_VOLUME
    222:228:private void setDataSourceFromResource(android.content.res.Resources,android.media.MediaPlayer,int)
com.colormindapps.rest_reminder_alarm.PlaySoundWakeLock:
    private static final java.lang.String LOCK_NAME_STATIC_SOUND
    7:7:PlaySoundWakeLock()
com.colormindapps.rest_reminder_alarm.R:
    10:9305:public R()
com.colormindapps.rest_reminder_alarm.R$anim
com.colormindapps.rest_reminder_alarm.R$array
com.colormindapps.rest_reminder_alarm.R$attr
com.colormindapps.rest_reminder_alarm.R$bool
com.colormindapps.rest_reminder_alarm.R$color
com.colormindapps.rest_reminder_alarm.R$dimen
com.colormindapps.rest_reminder_alarm.R$drawable
com.colormindapps.rest_reminder_alarm.R$id
com.colormindapps.rest_reminder_alarm.R$integer
com.colormindapps.rest_reminder_alarm.R$layout
com.colormindapps.rest_reminder_alarm.R$menu
com.colormindapps.rest_reminder_alarm.R$raw
com.colormindapps.rest_reminder_alarm.R$string
com.colormindapps.rest_reminder_alarm.R$style
com.colormindapps.rest_reminder_alarm.R$styleable:
    3330:3330:public R$styleable()
com.colormindapps.rest_reminder_alarm.R$xml
com.colormindapps.rest_reminder_alarm.RReminderMobile:
    14:14:public RReminderMobile()
com.colormindapps.rest_reminder_alarm.shared.BuildConfig
com.colormindapps.rest_reminder_alarm.shared.OnAlarmReceiver
com.colormindapps.rest_reminder_alarm.shared.PeriodManager
com.colormindapps.rest_reminder_alarm.shared.R:
    9:1378:public R()
com.colormindapps.rest_reminder_alarm.shared.R$anim
com.colormindapps.rest_reminder_alarm.shared.R$attr
com.colormindapps.rest_reminder_alarm.shared.R$bool
com.colormindapps.rest_reminder_alarm.shared.R$color:
    265:265:public R$color()
com.colormindapps.rest_reminder_alarm.shared.R$dimen
com.colormindapps.rest_reminder_alarm.shared.R$drawable
com.colormindapps.rest_reminder_alarm.shared.R$id
com.colormindapps.rest_reminder_alarm.shared.R$integer
com.colormindapps.rest_reminder_alarm.shared.R$layout
com.colormindapps.rest_reminder_alarm.shared.R$string:
    802:802:public R$string()
com.colormindapps.rest_reminder_alarm.shared.R$style
com.colormindapps.rest_reminder_alarm.shared.R$styleable
...
android.support.v7.app.NotificationCompat
android.support.v7.app.NotificationCompat$1
android.support.v7.app.NotificationCompat$Api24Extender
android.support.v7.app.NotificationCompat$Builder
android.support.v7.app.NotificationCompat$DecoratedCustomViewStyle
android.support.v7.app.NotificationCompat$DecoratedMediaCustomViewStyle
android.support.v7.app.NotificationCompat$IceCreamSandwichExtender
android.support.v7.app.NotificationCompat$JellybeanExtender
android.support.v7.app.NotificationCompat$LollipopExtender
android.support.v7.app.NotificationCompat$MediaStyle
android.support.v7.app.NotificationCompatImpl21
android.support.v7.app.NotificationCompatImpl24
android.support.v7.app.NotificationCompatImplBase
android.support.v7.app.NotificationCompatImplJellybean
android.support.v7.app.ResourcesFlusher:
    private static final java.lang.String TAG
    28:28:ResourcesFlusher()
android.support.v7.app.ToolbarActionBar:
    87:88:public void setCustomView(android.view.View)
    92:96:public void setCustomView(android.view.View,android.support.v7.app.ActionBar$LayoutParams)
    100:102:public void setCustomView(int)
    106:107:public void setIcon(int)
    111:112:public void setIcon(android.graphics.drawable.Drawable)
    116:117:public void setLogo(int)
    121:122:public void setLogo(android.graphics.drawable.Drawable)
    127:127:public void setStackedBackgroundDrawable(android.graphics.drawable.Drawable)
    132:132:public void setSplitBackgroundDrawable(android.graphics.drawable.Drawable)
    146:146:public float getElevation()
    156:156:public boolean isTitleTruncated()
    161:162:public void setHomeAsUpIndicator(android.graphics.drawable.Drawable)
    166:167:public void setHomeAsUpIndicator(int)
    171:172:public void setHomeActionContentDescription(java.lang.CharSequence)
    181:182:public void setHomeActionContentDescription(int)
    196:197:public void setListNavigationCallbacks(android.widget.SpinnerAdapter,android.support.v7.app.ActionBar$OnNavigationListener)
    201:209:public void setSelectedNavigationItem(int)
    213:213:public int getSelectedNavigationIndex()
    218:218:public int getNavigationItemCount()
    223:224:public void setTitle(java.lang.CharSequence)
    228:229:public void setTitle(int)
    248:249:public void setSubtitle(java.lang.CharSequence)
    253:254:public void setSubtitle(int)
android.support.v7.app.TwilightCalculator:
    public static final int DAY
    public static final int NIGHT
    private static final float DEGREES_TO_RADIANS
    private static final float J0
    private static final float ALTIDUTE_CORRECTION_CIVIL_TWILIGHT
    private static final float C1
    private static final float C2
    private static final float C3
    private static final float OBLIQUITY
    private static final long UTC_2000
android.support.v7.app.TwilightManager:
    private static final java.lang.String TAG
    private static final int SUNRISE
    private static final int SUNSET
    54:55:static void setInstance(android.support.v7.app.TwilightManager)